<?xml version="1.0" encoding="UTF-8"?>
<testsuite xmlns:xsi="http://www.w3.org/2001/XMLSchema-instance" xsi:noNamespaceSchemaLocation="https://maven.apache.org/surefire/maven-surefire-plugin/xsd/surefire-test-report.xsd" version="3.0.2" name="TestRunner.CucumberTestRunner" time="31.438" tests="1" errors="0" skipped="0" failures="0">
  <properties>
[...]
</properties>
  <testcase name="runScenario[&quot;Login with valid credentials&quot;, &quot;Login Functionality&quot;](1)" classname="TestRunner.CucumberTestRunner" time="27.013">
    <system-out><![CDATA[
Scenario: Login with valid credentials        &amp#27;[90m# src/test/resources/Features/login.feature:3&amp#27;[0m
  &amp#27;[32mGiven &amp#27;[0m&amp#27;[32mI am on the login page&amp#27;[0m                &amp#27;[90m# StepDefinitions.LoginSteps.i_am_on_the_login_page()&amp#27;[0m
  &amp#27;[32mWhen &amp#27;[0m&amp#27;[32mI enter username &amp#27;[0m&amp#27;[32m&amp#27;[1m"Admin"&amp#27;[0m               &amp#27;[90m# StepDefinitions.LoginSteps.i_enter_username(java.lang.String)&amp#27;[0m
  &amp#27;[32mAnd &amp#27;[0m&amp#27;[32mI enter password &amp#27;[0m&amp#27;[32m&amp#27;[1m"admin123"&amp#27;[0m             &amp#27;[90m# StepDefinitions.LoginSteps.i_enter_password(java.lang.String)&amp#27;[0m
  &amp#27;[32mAnd &amp#27;[0m&amp#27;[32mI click on login button&amp#27;[0m                 &amp#27;[90m# StepDefinitions.LoginSteps.i_click_on_login_button()&amp#27;[0m
  &amp#27;[32mThen &amp#27;[0m&amp#27;[32mI should be redirected to the homepage&amp#27;[0m &amp#27;[90m# StepDefinitions.LoginSteps.i_should_be_redirected_to_the_homepage()&amp#27;[0m
]]></system-out>
    <system-err><![CDATA[SLF4J: Failed to load class "org.slf4j.impl.StaticLoggerBinder".
SLF4J: Defaulting to no-operation (NOP) logger implementation
SLF4J: See http://www.slf4j.org/codes.html#StaticLoggerBinder for further details.
]]></system-err>
  </testcase>
</testsuite>